<?xml version="1.0" encoding="UTF-8"?>
<!-- Generated by org.testng.reporters.JUnitXMLReporter -->
<testsuite ignored="0" hostname="DESKTOP-FMCFGK5" failures="0" tests="386" name="Surefire test" time="9.157" errors="0" timestamp="2024-12-10T11:20:10 IST">
  <testcase classname="VendorCreationModule.CustomertoVendor2" name="@BeforeTest startup" time="7.986">
    <failure type="org.openqa.selenium.WebDriverException" message="unknown error: net::ERR_CONNECTION_REFUSED
  (Session info: chrome=131.0.6778.109)
Build info: version: &amp;apos;4.23.0&amp;apos;, revision: &amp;apos;4df0a231af&amp;apos;
System info: os.name: &amp;apos;Windows 11&amp;apos;, os.arch: &amp;apos;amd64&amp;apos;, os.version: &amp;apos;10.0&amp;apos;, java.version: &amp;apos;21.0.4&amp;apos;
Driver info: org.openqa.selenium.chrome.ChromeDriver
Command: [83eb43084778215b4b7ac68a546b7c1c, get {url=https://bizflowqa.usha.com/#/}]
Capabilities {acceptInsecureCerts: false, browserName: chrome, browserVersion: 131.0.6778.109, chrome: {chromedriverVersion: 131.0.6778.87 (ce31cae94873..., userDataDir: C:\Users\Admin\AppData\Loca...}, fedcm:accounts: true, goog:chromeOptions: {debuggerAddress: localhost:50443}, networkConnectionEnabled: false, pageLoadStrategy: normal, platformName: windows, proxy: Proxy(), se:cdp: ws://localhost:50443/devtoo..., se:cdpVersion: 131.0.6778.109, setWindowRect: true, strictFileInteractability: false, timeouts: {implicit: 0, pageLoad: 300000, script: 30000}, unhandledPromptBehavior: dismiss and notify, webauthn:extension:credBlob: true, webauthn:extension:largeBlob: true, webauthn:extension:minPinLength: true, webauthn:extension:prf: true, webauthn:virtualAuthenticators: true}
Session ID: 83eb43084778215b4b7ac68a546b7c1c">
      <![CDATA[org.openqa.selenium.WebDriverException: unknown error: net::ERR_CONNECTION_REFUSED
  (Session info: chrome=131.0.6778.109)
Build info: version: '4.23.0', revision: '4df0a231af'
System info: os.name: 'Windows 11', os.arch: 'amd64', os.version: '10.0', java.version: '21.0.4'
Driver info: org.openqa.selenium.chrome.ChromeDriver
Command: [83eb43084778215b4b7ac68a546b7c1c, get {url=https://bizflowqa.usha.com/#/}]
Capabilities {acceptInsecureCerts: false, browserName: chrome, browserVersion: 131.0.6778.109, chrome: {chromedriverVersion: 131.0.6778.87 (ce31cae94873..., userDataDir: C:\Users\Admin\AppData\Loca...}, fedcm:accounts: true, goog:chromeOptions: {debuggerAddress: localhost:50443}, networkConnectionEnabled: false, pageLoadStrategy: normal, platformName: windows, proxy: Proxy(), se:cdp: ws://localhost:50443/devtoo..., se:cdpVersion: 131.0.6778.109, setWindowRect: true, strictFileInteractability: false, timeouts: {implicit: 0, pageLoad: 300000, script: 30000}, unhandledPromptBehavior: dismiss and notify, webauthn:extension:credBlob: true, webauthn:extension:largeBlob: true, webauthn:extension:minPinLength: true, webauthn:extension:prf: true, webauthn:virtualAuthenticators: true}
Session ID: 83eb43084778215b4b7ac68a546b7c1c
at org.openqa.selenium.remote.ErrorCodec.decode(ErrorCodec.java:167)
at org.openqa.selenium.remote.codec.w3c.W3CHttpResponseCodec.decode(W3CHttpResponseCodec.java:138)
at org.openqa.selenium.remote.codec.w3c.W3CHttpResponseCodec.decode(W3CHttpResponseCodec.java:50)
at org.openqa.selenium.remote.HttpCommandExecutor.execute(HttpCommandExecutor.java:190)
at org.openqa.selenium.remote.service.DriverCommandExecutor.invokeExecute(DriverCommandExecutor.java:216)
at org.openqa.selenium.remote.service.DriverCommandExecutor.execute(DriverCommandExecutor.java:174)
at org.openqa.selenium.remote.RemoteWebDriver.execute(RemoteWebDriver.java:527)
at org.openqa.selenium.remote.RemoteWebDriver.get(RemoteWebDriver.java:302)
at VendorCreationModule.CustomertoVendor2.startup(CustomertoVendor2.java:54)
... Removed 30 stack frames]]>
    </failure>
  </testcase> <!-- @BeforeTest startup -->
  <testcase classname="VendorCreationModule.FinalModuleCheck" name="@BeforeTest reporting" time="0.0">
    <skipped/>
  </testcase> <!-- @BeforeTest reporting -->
  <testcase classname="VendorCreationModule.DashboardFunctionality" name="@BeforeMethod start" time="0.0">
    <skipped/>
  </testcase> <!-- @BeforeMethod start -->
  <testcase classname="VendorCreationModule.DashboardFunctionality" name="@AfterMethod teardown" time="0.0">
    <skipped/>
  </testcase> <!-- @AfterMethod teardown -->
  <testcase classname="VendorCreationModule.DashboardFunctionality" name="@BeforeMethod start" time="0.0">
    <skipped/>
  </testcase> <!-- @BeforeMethod start -->
  <testcase classname="VendorCreationModule.DashboardFunctionality" name="@AfterMethod teardown" time="0.0">
    <skipped/>
  </testcase> <!-- @AfterMethod teardown -->
  <testcase classname="VendorCreationModule.DashboardFunctionality" name="@BeforeMethod start" time="0.0">
    <skipped/>
  </testcase> <!-- @BeforeMethod start -->
  <testcase classname="VendorCreationModule.DashboardFunctionality" name="@AfterMethod teardown" time="0.0">
    <skipped/>
  </testcase> <!-- @AfterMethod teardown -->
  <testcase classname="VendorCreationModule.DashboardFunctionality" name="@BeforeMethod start" time="0.0">
    <skipped/>
  </testcase> <!-- @BeforeMethod start -->
  <testcase classname="VendorCreationModule.DashboardFunctionality" name="@AfterMethod teardown" time="0.0">
    <skipped/>
  </testcase> <!-- @AfterMethod teardown -->
  <testcase classname="VendorCreationModule.DashboardFunctionality" name="@BeforeMethod start" time="0.0">
    <skipped/>
  </testcase> <!-- @BeforeMethod start -->
  <testcase classname="VendorCreationModule.DashboardFunctionality" name="@AfterMethod teardown" time="0.0">
    <skipped/>
  </testcase> <!-- @AfterMethod teardown -->
  <testcase classname="VendorCreationModule.DashboardFunctionality" name="@BeforeMethod start" time="0.0">
    <skipped/>
  </testcase> <!-- @BeforeMethod start -->
  <testcase classname="VendorCreationModule.DashboardFunctionality" name="@AfterMethod teardown" time="0.0">
    <skipped/>
  </testcase> <!-- @AfterMethod teardown -->
  <testcase classname="VendorCreationModule.DashboardFunctionality" name="@BeforeMethod start" time="0.0">
    <skipped/>
  </testcase> <!-- @BeforeMethod start -->
  <testcase classname="VendorCreationModule.DashboardFunctionality" name="@AfterMethod teardown" time="0.0">
    <skipped/>
  </testcase> <!-- @AfterMethod teardown -->
  <testcase classname="VendorCreationModule.DashboardFunctionality" name="@BeforeMethod start" time="0.0">
    <skipped/>
  </testcase> <!-- @BeforeMethod start -->
  <testcase classname="VendorCreationModule.DashboardFunctionality" name="@AfterMethod teardown" time="0.0">
    <skipped/>
  </testcase> <!-- @AfterMethod teardown -->
  <testcase classname="VendorCreationModule.DashboardFunctionality" name="@BeforeMethod start" time="0.0">
    <skipped/>
  </testcase> <!-- @BeforeMethod start -->
  <testcase classname="VendorCreationModule.DashboardFunctionality" name="@AfterMethod teardown" time="0.0">
    <skipped/>
  </testcase> <!-- @AfterMethod teardown -->
  <testcase classname="VendorCreationModule.DashboardFunctionality" name="@BeforeMethod start" time="0.0">
    <skipped/>
  </testcase> <!-- @BeforeMethod start -->
  <testcase classname="VendorCreationModule.DashboardFunctionality" name="@AfterMethod teardown" time="0.0">
    <skipped/>
  </testcase> <!-- @AfterMethod teardown -->
  <testcase classname="VendorCreationModule.FinalModuleCheck" name="@BeforeClass startup" time="0.0">
    <skipped/>
  </testcase> <!-- @BeforeClass startup -->
  <testcase classname="VendorCreationModule.FinalModuleCheck" name="@AfterClass teardown" time="0.0">
    <skipped/>
  </testcase> <!-- @AfterClass teardown -->
  <testcase classname="VendorCreationModule.LoginModuleOnly" name="@BeforeMethod startup" time="0.0">
    <skipped/>
  </testcase> <!-- @BeforeMethod startup -->
  <testcase classname="VendorCreationModule.LoginModuleOnly" name="@AfterMethod teardown" time="0.0">
    <skipped/>
  </testcase> <!-- @AfterMethod teardown -->
  <testcase classname="VendorCreationModule.VendorCreationMduleCovergae" name="@BeforeMethod loggingprocess" time="0.0">
    <skipped/>
  </testcase> <!-- @BeforeMethod loggingprocess -->
  <testcase classname="VendorCreationModule.VendorCreationMduleCovergae" name="@AfterMethod teardown" time="0.0">
    <skipped/>
  </testcase> <!-- @AfterMethod teardown -->
  <testcase classname="VendorCreationModule.VendorCreationMduleCovergae" name="@BeforeMethod loggingprocess" time="0.0">
    <skipped/>
  </testcase> <!-- @BeforeMethod loggingprocess -->
  <testcase classname="VendorCreationModule.VendorCreationMduleCovergae" name="@AfterMethod teardown" time="0.0">
    <skipped/>
  </testcase> <!-- @AfterMethod teardown -->
  <testcase classname="VendorCreationModule.VendorCreationMduleCovergae" name="@BeforeMethod loggingprocess" time="0.0">
    <skipped/>
  </testcase> <!-- @BeforeMethod loggingprocess -->
  <testcase classname="VendorCreationModule.VendorCreationMduleCovergae" name="@AfterMethod teardown" time="0.0">
    <skipped/>
  </testcase> <!-- @AfterMethod teardown -->
  <testcase classname="VendorCreationModule.VendorCreationMduleCovergae" name="@BeforeMethod loggingprocess" time="0.0">
    <skipped/>
  </testcase> <!-- @BeforeMethod loggingprocess -->
  <testcase classname="VendorCreationModule.VendorCreationMduleCovergae" name="@AfterMethod teardown" time="0.0">
    <skipped/>
  </testcase> <!-- @AfterMethod teardown -->
  <testcase classname="VendorCreationModule.VendorCreationMduleCovergae" name="@BeforeMethod loggingprocess" time="0.0">
    <skipped/>
  </testcase> <!-- @BeforeMethod loggingprocess -->
  <testcase classname="VendorCreationModule.VendorCreationMduleCovergae" name="@AfterMethod teardown" time="0.0">
    <skipped/>
  </testcase> <!-- @AfterMethod teardown -->
  <testcase classname="VendorCreationModule.VendorCreationMduleCovergae" name="@BeforeMethod loggingprocess" time="0.0">
    <skipped/>
  </testcase> <!-- @BeforeMethod loggingprocess -->
  <testcase classname="VendorCreationModule.VendorCreationMduleCovergae" name="@AfterMethod teardown" time="0.0">
    <skipped/>
  </testcase> <!-- @AfterMethod teardown -->
  <testcase classname="VendorCreationModule.VendorCreationMduleCovergae" name="@BeforeMethod loggingprocess" time="0.0">
    <skipped/>
  </testcase> <!-- @BeforeMethod loggingprocess -->
  <testcase classname="VendorCreationModule.VendorCreationMduleCovergae" name="@AfterMethod teardown" time="0.0">
    <skipped/>
  </testcase> <!-- @AfterMethod teardown -->
  <testcase classname="VendorCreationModule.VendorCreationMduleCovergae" name="@BeforeMethod loggingprocess" time="0.0">
    <skipped/>
  </testcase> <!-- @BeforeMethod loggingprocess -->
  <testcase classname="VendorCreationModule.VendorCreationMduleCovergae" name="@AfterMethod teardown" time="0.0">
    <skipped/>
  </testcase> <!-- @AfterMethod teardown -->
  <testcase classname="VendorCreationModule.VendorCreationMduleCovergae" name="@BeforeMethod loggingprocess" time="0.0">
    <skipped/>
  </testcase> <!-- @BeforeMethod loggingprocess -->
  <testcase classname="VendorCreationModule.VendorCreationMduleCovergae" name="@AfterMethod teardown" time="0.0">
    <skipped/>
  </testcase> <!-- @AfterMethod teardown -->
  <testcase classname="VendorCreationModule.VendorCreationMduleCovergae" name="@BeforeMethod loggingprocess" time="0.0">
    <skipped/>
  </testcase> <!-- @BeforeMethod loggingprocess -->
  <testcase classname="VendorCreationModule.VendorCreationMduleCovergae" name="@AfterMethod teardown" time="0.0">
    <skipped/>
  </testcase> <!-- @AfterMethod teardown -->
  <testcase classname="VendorCreationModule.VendorCreationMduleCovergae" name="@BeforeMethod loggingprocess" time="0.0">
    <skipped/>
  </testcase> <!-- @BeforeMethod loggingprocess -->
  <testcase classname="VendorCreationModule.VendorCreationMduleCovergae" name="@AfterMethod teardown" time="0.0">
    <skipped/>
  </testcase> <!-- @AfterMethod teardown -->
  <testcase classname="VendorCreationModule.VendorCreationMduleCovergae" name="@BeforeMethod loggingprocess" time="0.0">
    <skipped/>
  </testcase> <!-- @BeforeMethod loggingprocess -->
  <testcase classname="VendorCreationModule.VendorCreationMduleCovergae" name="@AfterMethod teardown" time="0.0">
    <skipped/>
  </testcase> <!-- @AfterMethod teardown -->
  <testcase classname="VendorCreationModule.VendorCreationMduleCovergae" name="@BeforeMethod loggingprocess" time="0.0">
    <skipped/>
  </testcase> <!-- @BeforeMethod loggingprocess -->
  <testcase classname="VendorCreationModule.VendorCreationMduleCovergae" name="@AfterMethod teardown" time="0.0">
    <skipped/>
  </testcase> <!-- @AfterMethod teardown -->
  <testcase classname="VendorCreationModule.VendorCreationMduleCovergae" name="@BeforeMethod loggingprocess" time="0.0">
    <skipped/>
  </testcase> <!-- @BeforeMethod loggingprocess -->
  <testcase classname="VendorCreationModule.VendorCreationMduleCovergae" name="@AfterMethod teardown" time="0.0">
    <skipped/>
  </testcase> <!-- @AfterMethod teardown -->
  <testcase classname="VendorCreationModule.VendorCreationMduleCovergae" name="@BeforeMethod loggingprocess" time="0.0">
    <skipped/>
  </testcase> <!-- @BeforeMethod loggingprocess -->
  <testcase classname="VendorCreationModule.VendorCreationMduleCovergae" name="@AfterMethod teardown" time="0.0">
    <skipped/>
  </testcase> <!-- @AfterMethod teardown -->
  <testcase classname="VendorCreationModule.VendorCreationMduleCovergae" name="@BeforeMethod loggingprocess" time="0.0">
    <skipped/>
  </testcase> <!-- @BeforeMethod loggingprocess -->
  <testcase classname="VendorCreationModule.VendorCreationMduleCovergae" name="@AfterMethod teardown" time="0.0">
    <skipped/>
  </testcase> <!-- @AfterMethod teardown -->
  <testcase classname="VendorCreationModule.VendorCreationMduleCovergae" name="@BeforeMethod loggingprocess" time="0.0">
    <skipped/>
  </testcase> <!-- @BeforeMethod loggingprocess -->
  <testcase classname="VendorCreationModule.VendorCreationMduleCovergae" name="@AfterMethod teardown" time="0.0">
    <skipped/>
  </testcase> <!-- @AfterMethod teardown -->
  <testcase classname="VendorCreationModule.VendorModifications" name="@BeforeMethod loginwork" time="0.0">
    <skipped/>
  </testcase> <!-- @BeforeMethod loginwork -->
  <testcase classname="VendorCreationModule.VendorModifications" name="@AfterMethod teardown" time="0.0">
    <skipped/>
  </testcase> <!-- @AfterMethod teardown -->
  <testcase classname="VendorCreationModule.VendorModifications" name="@BeforeMethod loginwork" time="0.0">
    <skipped/>
  </testcase> <!-- @BeforeMethod loginwork -->
  <testcase classname="VendorCreationModule.VendorModifications" name="@AfterMethod teardown" time="0.0">
    <skipped/>
  </testcase> <!-- @AfterMethod teardown -->
  <testcase classname="VendorCreationModule.VendorModifications" name="@BeforeMethod loginwork" time="0.0">
    <skipped/>
  </testcase> <!-- @BeforeMethod loginwork -->
  <testcase classname="VendorCreationModule.VendorModifications" name="@AfterMethod teardown" time="0.0">
    <skipped/>
  </testcase> <!-- @AfterMethod teardown -->
  <testcase classname="VendorCreationModule.VendorModifications" name="@BeforeMethod loginwork" time="0.0">
    <skipped/>
  </testcase> <!-- @BeforeMethod loginwork -->
  <testcase classname="VendorCreationModule.VendorModifications" name="@AfterMethod teardown" time="0.0">
    <skipped/>
  </testcase> <!-- @AfterMethod teardown -->
  <testcase classname="VendorCreationModule.CustomertoVendor2" name="@AfterTest teardown" time="0.0">
    <skipped/>
  </testcase> <!-- @AfterTest teardown -->
  <testcase classname="VendorCreationModule.FinalModuleCheck" name="@AfterTest endreport" time="0.0">
    <skipped/>
  </testcase> <!-- @AfterTest endreport -->
  <testcase classname="VendorCreationModule.CustomertoVendor2" name="case1" time="0.0">
    <skipped/>
  </testcase> <!-- case1 -->
  <testcase classname="VendorCreationModule.CustomertoVendor2" name="case2" time="0.0">
    <skipped/>
  </testcase> <!-- case2 -->
  <testcase classname="VendorCreationModule.CustomertoVendor2" name="case3" time="0.0">
    <skipped/>
  </testcase> <!-- case3 -->
  <testcase classname="VendorCreationModule.CustomertoVendor2" name="case4" time="0.0">
    <skipped/>
  </testcase> <!-- case4 -->
  <testcase classname="VendorCreationModule.CustomertoVendor2" name="case5" time="0.0">
    <skipped/>
  </testcase> <!-- case5 -->
  <testcase classname="VendorCreationModule.CustomertoVendor2" name="case5" time="0.0">
    <skipped/>
  </testcase> <!-- case5 -->
  <testcase classname="VendorCreationModule.CustomertoVendor2" name="case5" time="0.0">
    <skipped/>
  </testcase> <!-- case5 -->
  <testcase classname="VendorCreationModule.CustomertoVendor2" name="case5" time="0.0">
    <skipped/>
  </testcase> <!-- case5 -->
  <testcase classname="VendorCreationModule.CustomertoVendor2" name="case5" time="0.0">
    <skipped/>
  </testcase> <!-- case5 -->
  <testcase classname="VendorCreationModule.CustomertoVendor2" name="case5" time="0.0">
    <skipped/>
  </testcase> <!-- case5 -->
  <testcase classname="VendorCreationModule.CustomertoVendor2" name="case5" time="0.0">
    <skipped/>
  </testcase> <!-- case5 -->
  <testcase classname="VendorCreationModule.CustomertoVendor2" name="case5" time="0.0">
    <skipped/>
  </testcase> <!-- case5 -->
  <testcase classname="VendorCreationModule.CustomertoVendor2" name="case5" time="0.0">
    <skipped/>
  </testcase> <!-- case5 -->
  <testcase classname="VendorCreationModule.CustomertoVendor2" name="case5" time="0.0">
    <skipped/>
  </testcase> <!-- case5 -->
  <testcase classname="VendorCreationModule.CustomertoVendor2" name="case5" time="0.0">
    <skipped/>
  </testcase> <!-- case5 -->
  <testcase classname="VendorCreationModule.CustomertoVendor2" name="case5" time="0.0">
    <skipped/>
  </testcase> <!-- case5 -->
  <testcase classname="VendorCreationModule.CustomertoVendor2" name="case5" time="0.0">
    <skipped/>
  </testcase> <!-- case5 -->
  <testcase classname="VendorCreationModule.CustomertoVendor2" name="case5" time="0.0">
    <skipped/>
  </testcase> <!-- case5 -->
  <testcase classname="VendorCreationModule.CustomertoVendor2" name="case5" time="0.0">
    <skipped/>
  </testcase> <!-- case5 -->
  <testcase classname="VendorCreationModule.CustomertoVendor2" name="case5" time="0.0">
    <skipped/>
  </testcase> <!-- case5 -->
  <testcase classname="VendorCreationModule.CustomertoVendor2" name="case5" time="0.0">
    <skipped/>
  </testcase> <!-- case5 -->
  <testcase classname="VendorCreationModule.CustomertoVendor2" name="case5" time="0.0">
    <skipped/>
  </testcase> <!-- case5 -->
  <testcase classname="VendorCreationModule.CustomertoVendor2" name="case5" time="0.001">
    <skipped/>
  </testcase> <!-- case5 -->
  <testcase classname="VendorCreationModule.CustomertoVendor2" name="case5" time="0.0">
    <skipped/>
  </testcase> <!-- case5 -->
  <testcase classname="VendorCreationModule.CustomertoVendor2" name="case5" time="0.0">
    <skipped/>
  </testcase> <!-- case5 -->
  <testcase classname="VendorCreationModule.CustomertoVendor2" name="case5" time="0.0">
    <skipped/>
  </testcase> <!-- case5 -->
  <testcase classname="VendorCreationModule.CustomertoVendor2" name="case5" time="0.0">
    <skipped/>
  </testcase> <!-- case5 -->
  <testcase classname="VendorCreationModule.CustomertoVendor2" name="case5" time="0.0">
    <skipped/>
  </testcase> <!-- case5 -->
  <testcase classname="VendorCreationModule.CustomertoVendor2" name="case5" time="0.0">
    <skipped/>
  </testcase> <!-- case5 -->
  <testcase classname="VendorCreationModule.CustomertoVendor2" name="case5" time="0.001">
    <skipped/>
  </testcase> <!-- case5 -->
  <testcase classname="VendorCreationModule.CustomertoVendor2" name="case5" time="0.0">
    <skipped/>
  </testcase> <!-- case5 -->
  <testcase classname="VendorCreationModule.CustomertoVendor2" name="case5" time="0.0">
    <skipped/>
  </testcase> <!-- case5 -->
  <testcase classname="VendorCreationModule.CustomertoVendor2" name="case5" time="0.0">
    <skipped/>
  </testcase> <!-- case5 -->
  <testcase classname="VendorCreationModule.CustomertoVendor2" name="case5" time="0.0">
    <skipped/>
  </testcase> <!-- case5 -->
  <testcase classname="VendorCreationModule.CustomertoVendor2" name="case5" time="0.0">
    <skipped/>
  </testcase> <!-- case5 -->
  <testcase classname="VendorCreationModule.CustomertoVendor2" name="case5" time="0.0">
    <skipped/>
  </testcase> <!-- case5 -->
  <testcase classname="VendorCreationModule.CustomertoVendor2" name="case5" time="0.001">
    <skipped/>
  </testcase> <!-- case5 -->
  <testcase classname="VendorCreationModule.CustomertoVendor2" name="case5" time="0.0">
    <skipped/>
  </testcase> <!-- case5 -->
  <testcase classname="VendorCreationModule.CustomertoVendor2" name="case5" time="0.0">
    <skipped/>
  </testcase> <!-- case5 -->
  <testcase classname="VendorCreationModule.CustomertoVendor2" name="case5" time="0.0">
    <skipped/>
  </testcase> <!-- case5 -->
  <testcase classname="VendorCreationModule.CustomertoVendor2" name="case5" time="0.0">
    <skipped/>
  </testcase> <!-- case5 -->
  <testcase classname="VendorCreationModule.CustomertoVendor2" name="case5" time="0.0">
    <skipped/>
  </testcase> <!-- case5 -->
  <testcase classname="VendorCreationModule.CustomertoVendor2" name="case5" time="0.0">
    <skipped/>
  </testcase> <!-- case5 -->
  <testcase classname="VendorCreationModule.CustomertoVendor2" name="case5" time="0.0">
    <skipped/>
  </testcase> <!-- case5 -->
  <testcase classname="VendorCreationModule.CustomertoVendor2" name="case5" time="0.0">
    <skipped/>
  </testcase> <!-- case5 -->
  <testcase classname="VendorCreationModule.CustomertoVendor2" name="case5" time="0.0">
    <skipped/>
  </testcase> <!-- case5 -->
  <testcase classname="VendorCreationModule.CustomertoVendor2" name="case5" time="0.001">
    <skipped/>
  </testcase> <!-- case5 -->
  <testcase classname="VendorCreationModule.CustomertoVendor2" name="case5" time="0.0">
    <skipped/>
  </testcase> <!-- case5 -->
  <testcase classname="VendorCreationModule.CustomertoVendor2" name="case5" time="0.0">
    <skipped/>
  </testcase> <!-- case5 -->
  <testcase classname="VendorCreationModule.CustomertoVendor2" name="case6" time="0.0">
    <skipped/>
  </testcase> <!-- case6 -->
  <testcase classname="VendorCreationModule.CustomertoVendor2" name="case6" time="0.0">
    <skipped/>
  </testcase> <!-- case6 -->
  <testcase classname="VendorCreationModule.CustomertoVendor2" name="case6" time="0.0">
    <skipped/>
  </testcase> <!-- case6 -->
  <testcase classname="VendorCreationModule.CustomertoVendor2" name="case6" time="0.0">
    <skipped/>
  </testcase> <!-- case6 -->
  <testcase classname="VendorCreationModule.CustomertoVendor2" name="case6" time="0.0">
    <skipped/>
  </testcase> <!-- case6 -->
  <testcase classname="VendorCreationModule.CustomertoVendor2" name="case6" time="0.0">
    <skipped/>
  </testcase> <!-- case6 -->
  <testcase classname="VendorCreationModule.CustomertoVendor2" name="case6" time="0.0">
    <skipped/>
  </testcase> <!-- case6 -->
  <testcase classname="VendorCreationModule.CustomertoVendor2" name="case6" time="0.0">
    <skipped/>
  </testcase> <!-- case6 -->
  <testcase classname="VendorCreationModule.CustomertoVendor2" name="case6" time="0.001">
    <skipped/>
  </testcase> <!-- case6 -->
  <testcase classname="VendorCreationModule.CustomertoVendor2" name="case6" time="0.0">
    <skipped/>
  </testcase> <!-- case6 -->
  <testcase classname="VendorCreationModule.CustomertoVendor2" name="case6" time="0.0">
    <skipped/>
  </testcase> <!-- case6 -->
  <testcase classname="VendorCreationModule.CustomertoVendor2" name="case6" time="0.001">
    <skipped/>
  </testcase> <!-- case6 -->
  <testcase classname="VendorCreationModule.CustomertoVendor2" name="case6" time="0.0">
    <skipped/>
  </testcase> <!-- case6 -->
  <testcase classname="VendorCreationModule.CustomertoVendor2" name="case6" time="0.0">
    <skipped/>
  </testcase> <!-- case6 -->
  <testcase classname="VendorCreationModule.CustomertoVendor2" name="case6" time="0.0">
    <skipped/>
  </testcase> <!-- case6 -->
  <testcase classname="VendorCreationModule.CustomertoVendor2" name="case6" time="0.0">
    <skipped/>
  </testcase> <!-- case6 -->
  <testcase classname="VendorCreationModule.CustomertoVendor2" name="case6" time="0.0">
    <skipped/>
  </testcase> <!-- case6 -->
  <testcase classname="VendorCreationModule.CustomertoVendor2" name="case6" time="0.0">
    <skipped/>
  </testcase> <!-- case6 -->
  <testcase classname="VendorCreationModule.CustomertoVendor2" name="case6" time="0.0">
    <skipped/>
  </testcase> <!-- case6 -->
  <testcase classname="VendorCreationModule.CustomertoVendor2" name="case6" time="0.0">
    <skipped/>
  </testcase> <!-- case6 -->
  <testcase classname="VendorCreationModule.CustomertoVendor2" name="case6" time="0.0">
    <skipped/>
  </testcase> <!-- case6 -->
  <testcase classname="VendorCreationModule.CustomertoVendor2" name="case6" time="0.001">
    <skipped/>
  </testcase> <!-- case6 -->
  <testcase classname="VendorCreationModule.CustomertoVendor2" name="case6" time="0.0">
    <skipped/>
  </testcase> <!-- case6 -->
  <testcase classname="VendorCreationModule.CustomertoVendor2" name="case6" time="0.0">
    <skipped/>
  </testcase> <!-- case6 -->
  <testcase classname="VendorCreationModule.CustomertoVendor2" name="case6" time="0.0">
    <skipped/>
  </testcase> <!-- case6 -->
  <testcase classname="VendorCreationModule.CustomertoVendor2" name="case6" time="0.0">
    <skipped/>
  </testcase> <!-- case6 -->
  <testcase classname="VendorCreationModule.CustomertoVendor2" name="case6" time="0.0">
    <skipped/>
  </testcase> <!-- case6 -->
  <testcase classname="VendorCreationModule.CustomertoVendor2" name="case6" time="0.0">
    <skipped/>
  </testcase> <!-- case6 -->
  <testcase classname="VendorCreationModule.CustomertoVendor2" name="case6" time="0.0">
    <skipped/>
  </testcase> <!-- case6 -->
  <testcase classname="VendorCreationModule.CustomertoVendor2" name="case6" time="0.0">
    <skipped/>
  </testcase> <!-- case6 -->
  <testcase classname="VendorCreationModule.CustomertoVendor2" name="case6" time="0.0">
    <skipped/>
  </testcase> <!-- case6 -->
  <testcase classname="VendorCreationModule.CustomertoVendor2" name="case6" time="0.0">
    <skipped/>
  </testcase> <!-- case6 -->
  <testcase classname="VendorCreationModule.CustomertoVendor2" name="case6" time="0.0">
    <skipped/>
  </testcase> <!-- case6 -->
  <testcase classname="VendorCreationModule.CustomertoVendor2" name="case6" time="0.0">
    <skipped/>
  </testcase> <!-- case6 -->
  <testcase classname="VendorCreationModule.CustomertoVendor2" name="case6" time="0.0">
    <skipped/>
  </testcase> <!-- case6 -->
  <testcase classname="VendorCreationModule.CustomertoVendor2" name="case6" time="0.0">
    <skipped/>
  </testcase> <!-- case6 -->
  <testcase classname="VendorCreationModule.CustomertoVendor2" name="case6" time="0.0">
    <skipped/>
  </testcase> <!-- case6 -->
  <testcase classname="VendorCreationModule.CustomertoVendor2" name="case6" time="0.0">
    <skipped/>
  </testcase> <!-- case6 -->
  <testcase classname="VendorCreationModule.CustomertoVendor2" name="case6" time="0.0">
    <skipped/>
  </testcase> <!-- case6 -->
  <testcase classname="VendorCreationModule.CustomertoVendor2" name="case6" time="0.0">
    <skipped/>
  </testcase> <!-- case6 -->
  <testcase classname="VendorCreationModule.CustomertoVendor2" name="case6" time="0.0">
    <skipped/>
  </testcase> <!-- case6 -->
  <testcase classname="VendorCreationModule.CustomertoVendor2" name="case6" time="0.0">
    <skipped/>
  </testcase> <!-- case6 -->
  <testcase classname="VendorCreationModule.CustomertoVendor2" name="case6" time="0.0">
    <skipped/>
  </testcase> <!-- case6 -->
  <testcase classname="VendorCreationModule.CustomertoVendor2" name="case6" time="0.0">
    <skipped/>
  </testcase> <!-- case6 -->
  <testcase classname="VendorCreationModule.CustomertoVendor2" name="case6" time="0.001">
    <skipped/>
  </testcase> <!-- case6 -->
  <testcase classname="VendorCreationModule.CustomertoVendor2" name="case7" time="0.0">
    <skipped/>
  </testcase> <!-- case7 -->
  <testcase classname="VendorCreationModule.CustomertoVendor2" name="case7" time="0.0">
    <skipped/>
  </testcase> <!-- case7 -->
  <testcase classname="VendorCreationModule.CustomertoVendor2" name="case7" time="0.0">
    <skipped/>
  </testcase> <!-- case7 -->
  <testcase classname="VendorCreationModule.CustomertoVendor2" name="case7" time="0.0">
    <skipped/>
  </testcase> <!-- case7 -->
  <testcase classname="VendorCreationModule.CustomertoVendor2" name="case7" time="0.0">
    <skipped/>
  </testcase> <!-- case7 -->
  <testcase classname="VendorCreationModule.CustomertoVendor2" name="case7" time="0.0">
    <skipped/>
  </testcase> <!-- case7 -->
  <testcase classname="VendorCreationModule.CustomertoVendor2" name="case7" time="0.0">
    <skipped/>
  </testcase> <!-- case7 -->
  <testcase classname="VendorCreationModule.CustomertoVendor2" name="case7" time="0.0">
    <skipped/>
  </testcase> <!-- case7 -->
  <testcase classname="VendorCreationModule.CustomertoVendor2" name="case7" time="0.0">
    <skipped/>
  </testcase> <!-- case7 -->
  <testcase classname="VendorCreationModule.CustomertoVendor2" name="case7" time="0.0">
    <skipped/>
  </testcase> <!-- case7 -->
  <testcase classname="VendorCreationModule.CustomertoVendor2" name="case7" time="0.0">
    <skipped/>
  </testcase> <!-- case7 -->
  <testcase classname="VendorCreationModule.CustomertoVendor2" name="case7" time="0.0">
    <skipped/>
  </testcase> <!-- case7 -->
  <testcase classname="VendorCreationModule.CustomertoVendor2" name="case7" time="0.0">
    <skipped/>
  </testcase> <!-- case7 -->
  <testcase classname="VendorCreationModule.CustomertoVendor2" name="case7" time="0.0">
    <skipped/>
  </testcase> <!-- case7 -->
  <testcase classname="VendorCreationModule.CustomertoVendor2" name="case7" time="0.0">
    <skipped/>
  </testcase> <!-- case7 -->
  <testcase classname="VendorCreationModule.CustomertoVendor2" name="case7" time="0.0">
    <skipped/>
  </testcase> <!-- case7 -->
  <testcase classname="VendorCreationModule.CustomertoVendor2" name="case7" time="0.0">
    <skipped/>
  </testcase> <!-- case7 -->
  <testcase classname="VendorCreationModule.CustomertoVendor2" name="case7" time="0.0">
    <skipped/>
  </testcase> <!-- case7 -->
  <testcase classname="VendorCreationModule.CustomertoVendor2" name="case7" time="0.0">
    <skipped/>
  </testcase> <!-- case7 -->
  <testcase classname="VendorCreationModule.CustomertoVendor2" name="case7" time="0.0">
    <skipped/>
  </testcase> <!-- case7 -->
  <testcase classname="VendorCreationModule.CustomertoVendor2" name="case7" time="0.0">
    <skipped/>
  </testcase> <!-- case7 -->
  <testcase classname="VendorCreationModule.CustomertoVendor2" name="case7" time="0.0">
    <skipped/>
  </testcase> <!-- case7 -->
  <testcase classname="VendorCreationModule.CustomertoVendor2" name="case7" time="0.0">
    <skipped/>
  </testcase> <!-- case7 -->
  <testcase classname="VendorCreationModule.CustomertoVendor2" name="case7" time="0.0">
    <skipped/>
  </testcase> <!-- case7 -->
  <testcase classname="VendorCreationModule.CustomertoVendor2" name="case7" time="0.0">
    <skipped/>
  </testcase> <!-- case7 -->
  <testcase classname="VendorCreationModule.CustomertoVendor2" name="case7" time="0.0">
    <skipped/>
  </testcase> <!-- case7 -->
  <testcase classname="VendorCreationModule.CustomertoVendor2" name="case7" time="0.0">
    <skipped/>
  </testcase> <!-- case7 -->
  <testcase classname="VendorCreationModule.CustomertoVendor2" name="case7" time="0.0">
    <skipped/>
  </testcase> <!-- case7 -->
  <testcase classname="VendorCreationModule.CustomertoVendor2" name="case7" time="0.0">
    <skipped/>
  </testcase> <!-- case7 -->
  <testcase classname="VendorCreationModule.CustomertoVendor2" name="case7" time="0.0">
    <skipped/>
  </testcase> <!-- case7 -->
  <testcase classname="VendorCreationModule.CustomertoVendor2" name="case7" time="0.0">
    <skipped/>
  </testcase> <!-- case7 -->
  <testcase classname="VendorCreationModule.CustomertoVendor2" name="case7" time="0.0">
    <skipped/>
  </testcase> <!-- case7 -->
  <testcase classname="VendorCreationModule.CustomertoVendor2" name="case7" time="0.0">
    <skipped/>
  </testcase> <!-- case7 -->
  <testcase classname="VendorCreationModule.CustomertoVendor2" name="case7" time="0.0">
    <skipped/>
  </testcase> <!-- case7 -->
  <testcase classname="VendorCreationModule.CustomertoVendor2" name="case7" time="0.0">
    <skipped/>
  </testcase> <!-- case7 -->
  <testcase classname="VendorCreationModule.CustomertoVendor2" name="case7" time="0.0">
    <skipped/>
  </testcase> <!-- case7 -->
  <testcase classname="VendorCreationModule.CustomertoVendor2" name="case7" time="0.0">
    <skipped/>
  </testcase> <!-- case7 -->
  <testcase classname="VendorCreationModule.CustomertoVendor2" name="case7" time="0.0">
    <skipped/>
  </testcase> <!-- case7 -->
  <testcase classname="VendorCreationModule.CustomertoVendor2" name="case7" time="0.0">
    <skipped/>
  </testcase> <!-- case7 -->
  <testcase classname="VendorCreationModule.CustomertoVendor2" name="case7" time="0.0">
    <skipped/>
  </testcase> <!-- case7 -->
  <testcase classname="VendorCreationModule.CustomertoVendor2" name="case7" time="0.0">
    <skipped/>
  </testcase> <!-- case7 -->
  <testcase classname="VendorCreationModule.CustomertoVendor2" name="case7" time="0.0">
    <skipped/>
  </testcase> <!-- case7 -->
  <testcase classname="VendorCreationModule.CustomertoVendor2" name="case7" time="0.0">
    <skipped/>
  </testcase> <!-- case7 -->
  <testcase classname="VendorCreationModule.CustomertoVendor2" name="case7" time="0.001">
    <skipped/>
  </testcase> <!-- case7 -->
  <testcase classname="VendorCreationModule.CustomertoVendor2" name="case7" time="0.0">
    <skipped/>
  </testcase> <!-- case7 -->
  <testcase classname="VendorCreationModule.CustomertoVendor2" name="case8" time="0.0">
    <skipped/>
  </testcase> <!-- case8 -->
  <testcase classname="VendorCreationModule.CustomertoVendor2" name="case8" time="0.0">
    <skipped/>
  </testcase> <!-- case8 -->
  <testcase classname="VendorCreationModule.CustomertoVendor2" name="case8" time="0.0">
    <skipped/>
  </testcase> <!-- case8 -->
  <testcase classname="VendorCreationModule.CustomertoVendor2" name="case8" time="0.0">
    <skipped/>
  </testcase> <!-- case8 -->
  <testcase classname="VendorCreationModule.CustomertoVendor2" name="case8" time="0.0">
    <skipped/>
  </testcase> <!-- case8 -->
  <testcase classname="VendorCreationModule.CustomertoVendor2" name="case8" time="0.0">
    <skipped/>
  </testcase> <!-- case8 -->
  <testcase classname="VendorCreationModule.CustomertoVendor2" name="case8" time="0.0">
    <skipped/>
  </testcase> <!-- case8 -->
  <testcase classname="VendorCreationModule.CustomertoVendor2" name="case8" time="0.0">
    <skipped/>
  </testcase> <!-- case8 -->
  <testcase classname="VendorCreationModule.CustomertoVendor2" name="case8" time="0.001">
    <skipped/>
  </testcase> <!-- case8 -->
  <testcase classname="VendorCreationModule.CustomertoVendor2" name="case8" time="0.001">
    <skipped/>
  </testcase> <!-- case8 -->
  <testcase classname="VendorCreationModule.CustomertoVendor2" name="case8" time="0.0">
    <skipped/>
  </testcase> <!-- case8 -->
  <testcase classname="VendorCreationModule.CustomertoVendor2" name="case8" time="0.0">
    <skipped/>
  </testcase> <!-- case8 -->
  <testcase classname="VendorCreationModule.CustomertoVendor2" name="case8" time="0.002">
    <skipped/>
  </testcase> <!-- case8 -->
  <testcase classname="VendorCreationModule.CustomertoVendor2" name="case8" time="0.0">
    <skipped/>
  </testcase> <!-- case8 -->
  <testcase classname="VendorCreationModule.CustomertoVendor2" name="case8" time="0.0">
    <skipped/>
  </testcase> <!-- case8 -->
  <testcase classname="VendorCreationModule.CustomertoVendor2" name="case8" time="0.0">
    <skipped/>
  </testcase> <!-- case8 -->
  <testcase classname="VendorCreationModule.CustomertoVendor2" name="case8" time="0.0">
    <skipped/>
  </testcase> <!-- case8 -->
  <testcase classname="VendorCreationModule.CustomertoVendor2" name="case8" time="0.0">
    <skipped/>
  </testcase> <!-- case8 -->
  <testcase classname="VendorCreationModule.CustomertoVendor2" name="case8" time="0.0">
    <skipped/>
  </testcase> <!-- case8 -->
  <testcase classname="VendorCreationModule.CustomertoVendor2" name="case8" time="0.0">
    <skipped/>
  </testcase> <!-- case8 -->
  <testcase classname="VendorCreationModule.CustomertoVendor2" name="case8" time="0.0">
    <skipped/>
  </testcase> <!-- case8 -->
  <testcase classname="VendorCreationModule.CustomertoVendor2" name="case8" time="0.001">
    <skipped/>
  </testcase> <!-- case8 -->
  <testcase classname="VendorCreationModule.CustomertoVendor2" name="case8" time="0.0">
    <skipped/>
  </testcase> <!-- case8 -->
  <testcase classname="VendorCreationModule.CustomertoVendor2" name="case8" time="0.002">
    <skipped/>
  </testcase> <!-- case8 -->
  <testcase classname="VendorCreationModule.CustomertoVendor2" name="case8" time="0.0">
    <skipped/>
  </testcase> <!-- case8 -->
  <testcase classname="VendorCreationModule.CustomertoVendor2" name="case8" time="0.0">
    <skipped/>
  </testcase> <!-- case8 -->
  <testcase classname="VendorCreationModule.CustomertoVendor2" name="case8" time="0.0">
    <skipped/>
  </testcase> <!-- case8 -->
  <testcase classname="VendorCreationModule.CustomertoVendor2" name="case8" time="0.0">
    <skipped/>
  </testcase> <!-- case8 -->
  <testcase classname="VendorCreationModule.CustomertoVendor2" name="case8" time="0.0">
    <skipped/>
  </testcase> <!-- case8 -->
  <testcase classname="VendorCreationModule.CustomertoVendor2" name="case8" time="0.0">
    <skipped/>
  </testcase> <!-- case8 -->
  <testcase classname="VendorCreationModule.CustomertoVendor2" name="case8" time="0.0">
    <skipped/>
  </testcase> <!-- case8 -->
  <testcase classname="VendorCreationModule.CustomertoVendor2" name="case8" time="0.0">
    <skipped/>
  </testcase> <!-- case8 -->
  <testcase classname="VendorCreationModule.CustomertoVendor2" name="case8" time="0.0">
    <skipped/>
  </testcase> <!-- case8 -->
  <testcase classname="VendorCreationModule.CustomertoVendor2" name="case8" time="0.001">
    <skipped/>
  </testcase> <!-- case8 -->
  <testcase classname="VendorCreationModule.CustomertoVendor2" name="case8" time="0.001">
    <skipped/>
  </testcase> <!-- case8 -->
  <testcase classname="VendorCreationModule.CustomertoVendor2" name="case8" time="0.0">
    <skipped/>
  </testcase> <!-- case8 -->
  <testcase classname="VendorCreationModule.CustomertoVendor2" name="case8" time="0.0">
    <skipped/>
  </testcase> <!-- case8 -->
  <testcase classname="VendorCreationModule.CustomertoVendor2" name="case8" time="0.0">
    <skipped/>
  </testcase> <!-- case8 -->
  <testcase classname="VendorCreationModule.CustomertoVendor2" name="case8" time="0.0">
    <skipped/>
  </testcase> <!-- case8 -->
  <testcase classname="VendorCreationModule.CustomertoVendor2" name="case8" time="0.0">
    <skipped/>
  </testcase> <!-- case8 -->
  <testcase classname="VendorCreationModule.CustomertoVendor2" name="case8" time="0.001">
    <skipped/>
  </testcase> <!-- case8 -->
  <testcase classname="VendorCreationModule.CustomertoVendor2" name="case8" time="0.001">
    <skipped/>
  </testcase> <!-- case8 -->
  <testcase classname="VendorCreationModule.CustomertoVendor2" name="case8" time="0.0">
    <skipped/>
  </testcase> <!-- case8 -->
  <testcase classname="VendorCreationModule.CustomertoVendor2" name="case8" time="0.0">
    <skipped/>
  </testcase> <!-- case8 -->
  <testcase classname="VendorCreationModule.CustomertoVendor2" name="case8" time="0.0">
    <skipped/>
  </testcase> <!-- case8 -->
  <testcase classname="VendorCreationModule.CustomertoVendor2" name="case9" time="0.0">
    <skipped/>
  </testcase> <!-- case9 -->
  <testcase classname="VendorCreationModule.CustomertoVendor2" name="case9" time="0.0">
    <skipped/>
  </testcase> <!-- case9 -->
  <testcase classname="VendorCreationModule.CustomertoVendor2" name="case9" time="0.0">
    <skipped/>
  </testcase> <!-- case9 -->
  <testcase classname="VendorCreationModule.CustomertoVendor2" name="case9" time="0.0">
    <skipped/>
  </testcase> <!-- case9 -->
  <testcase classname="VendorCreationModule.CustomertoVendor2" name="case9" time="0.0">
    <skipped/>
  </testcase> <!-- case9 -->
  <testcase classname="VendorCreationModule.CustomertoVendor2" name="case9" time="0.001">
    <skipped/>
  </testcase> <!-- case9 -->
  <testcase classname="VendorCreationModule.CustomertoVendor2" name="case9" time="0.001">
    <skipped/>
  </testcase> <!-- case9 -->
  <testcase classname="VendorCreationModule.CustomertoVendor2" name="case9" time="0.0">
    <skipped/>
  </testcase> <!-- case9 -->
  <testcase classname="VendorCreationModule.CustomertoVendor2" name="case9" time="0.0">
    <skipped/>
  </testcase> <!-- case9 -->
  <testcase classname="VendorCreationModule.CustomertoVendor2" name="case9" time="0.0">
    <skipped/>
  </testcase> <!-- case9 -->
  <testcase classname="VendorCreationModule.CustomertoVendor2" name="case9" time="0.0">
    <skipped/>
  </testcase> <!-- case9 -->
  <testcase classname="VendorCreationModule.CustomertoVendor2" name="case9" time="0.0">
    <skipped/>
  </testcase> <!-- case9 -->
  <testcase classname="VendorCreationModule.CustomertoVendor2" name="case9" time="0.0">
    <skipped/>
  </testcase> <!-- case9 -->
  <testcase classname="VendorCreationModule.CustomertoVendor2" name="case9" time="0.0">
    <skipped/>
  </testcase> <!-- case9 -->
  <testcase classname="VendorCreationModule.CustomertoVendor2" name="case9" time="0.0">
    <skipped/>
  </testcase> <!-- case9 -->
  <testcase classname="VendorCreationModule.CustomertoVendor2" name="case9" time="0.0">
    <skipped/>
  </testcase> <!-- case9 -->
  <testcase classname="VendorCreationModule.CustomertoVendor2" name="case9" time="0.0">
    <skipped/>
  </testcase> <!-- case9 -->
  <testcase classname="VendorCreationModule.CustomertoVendor2" name="case9" time="0.0">
    <skipped/>
  </testcase> <!-- case9 -->
  <testcase classname="VendorCreationModule.CustomertoVendor2" name="case9" time="0.0">
    <skipped/>
  </testcase> <!-- case9 -->
  <testcase classname="VendorCreationModule.CustomertoVendor2" name="case9" time="0.0">
    <skipped/>
  </testcase> <!-- case9 -->
  <testcase classname="VendorCreationModule.CustomertoVendor2" name="case9" time="0.0">
    <skipped/>
  </testcase> <!-- case9 -->
  <testcase classname="VendorCreationModule.CustomertoVendor2" name="case9" time="0.0">
    <skipped/>
  </testcase> <!-- case9 -->
  <testcase classname="VendorCreationModule.CustomertoVendor2" name="case9" time="0.0">
    <skipped/>
  </testcase> <!-- case9 -->
  <testcase classname="VendorCreationModule.CustomertoVendor2" name="case9" time="0.001">
    <skipped/>
  </testcase> <!-- case9 -->
  <testcase classname="VendorCreationModule.CustomertoVendor2" name="case9" time="0.0">
    <skipped/>
  </testcase> <!-- case9 -->
  <testcase classname="VendorCreationModule.CustomertoVendor2" name="case9" time="0.0">
    <skipped/>
  </testcase> <!-- case9 -->
  <testcase classname="VendorCreationModule.CustomertoVendor2" name="case9" time="0.0">
    <skipped/>
  </testcase> <!-- case9 -->
  <testcase classname="VendorCreationModule.CustomertoVendor2" name="case9" time="0.0">
    <skipped/>
  </testcase> <!-- case9 -->
  <testcase classname="VendorCreationModule.CustomertoVendor2" name="case9" time="0.0">
    <skipped/>
  </testcase> <!-- case9 -->
  <testcase classname="VendorCreationModule.CustomertoVendor2" name="case9" time="0.0">
    <skipped/>
  </testcase> <!-- case9 -->
  <testcase classname="VendorCreationModule.CustomertoVendor2" name="case9" time="0.0">
    <skipped/>
  </testcase> <!-- case9 -->
  <testcase classname="VendorCreationModule.CustomertoVendor2" name="case9" time="0.0">
    <skipped/>
  </testcase> <!-- case9 -->
  <testcase classname="VendorCreationModule.CustomertoVendor2" name="case9" time="0.0">
    <skipped/>
  </testcase> <!-- case9 -->
  <testcase classname="VendorCreationModule.CustomertoVendor2" name="case9" time="0.0">
    <skipped/>
  </testcase> <!-- case9 -->
  <testcase classname="VendorCreationModule.CustomertoVendor2" name="case9" time="0.0">
    <skipped/>
  </testcase> <!-- case9 -->
  <testcase classname="VendorCreationModule.CustomertoVendor2" name="case9" time="0.0">
    <skipped/>
  </testcase> <!-- case9 -->
  <testcase classname="VendorCreationModule.CustomertoVendor2" name="case9" time="0.0">
    <skipped/>
  </testcase> <!-- case9 -->
  <testcase classname="VendorCreationModule.CustomertoVendor2" name="case9" time="0.0">
    <skipped/>
  </testcase> <!-- case9 -->
  <testcase classname="VendorCreationModule.CustomertoVendor2" name="case9" time="0.001">
    <skipped/>
  </testcase> <!-- case9 -->
  <testcase classname="VendorCreationModule.CustomertoVendor2" name="case9" time="0.0">
    <skipped/>
  </testcase> <!-- case9 -->
  <testcase classname="VendorCreationModule.CustomertoVendor2" name="case9" time="0.0">
    <skipped/>
  </testcase> <!-- case9 -->
  <testcase classname="VendorCreationModule.CustomertoVendor2" name="case9" time="0.0">
    <skipped/>
  </testcase> <!-- case9 -->
  <testcase classname="VendorCreationModule.CustomertoVendor2" name="case9" time="0.0">
    <skipped/>
  </testcase> <!-- case9 -->
  <testcase classname="VendorCreationModule.CustomertoVendor2" name="case9" time="0.001">
    <skipped/>
  </testcase> <!-- case9 -->
  <testcase classname="VendorCreationModule.CustomertoVendor2" name="case9" time="0.0">
    <skipped/>
  </testcase> <!-- case9 -->
  <testcase classname="VendorCreationModule.CustomertoVendor2" name="case10" time="0.0">
    <skipped/>
  </testcase> <!-- case10 -->
  <testcase classname="VendorCreationModule.CustomertoVendor2" name="case10" time="0.0">
    <skipped/>
  </testcase> <!-- case10 -->
  <testcase classname="VendorCreationModule.CustomertoVendor2" name="case10" time="0.0">
    <skipped/>
  </testcase> <!-- case10 -->
  <testcase classname="VendorCreationModule.CustomertoVendor2" name="case10" time="0.0">
    <skipped/>
  </testcase> <!-- case10 -->
  <testcase classname="VendorCreationModule.CustomertoVendor2" name="case10" time="0.0">
    <skipped/>
  </testcase> <!-- case10 -->
  <testcase classname="VendorCreationModule.CustomertoVendor2" name="case10" time="0.0">
    <skipped/>
  </testcase> <!-- case10 -->
  <testcase classname="VendorCreationModule.CustomertoVendor2" name="case10" time="0.0">
    <skipped/>
  </testcase> <!-- case10 -->
  <testcase classname="VendorCreationModule.CustomertoVendor2" name="case10" time="0.001">
    <skipped/>
  </testcase> <!-- case10 -->
  <testcase classname="VendorCreationModule.CustomertoVendor2" name="case10" time="0.0">
    <skipped/>
  </testcase> <!-- case10 -->
  <testcase classname="VendorCreationModule.CustomertoVendor2" name="case10" time="0.0">
    <skipped/>
  </testcase> <!-- case10 -->
  <testcase classname="VendorCreationModule.CustomertoVendor2" name="case10" time="0.0">
    <skipped/>
  </testcase> <!-- case10 -->
  <testcase classname="VendorCreationModule.CustomertoVendor2" name="case10" time="0.0">
    <skipped/>
  </testcase> <!-- case10 -->
  <testcase classname="VendorCreationModule.CustomertoVendor2" name="case10" time="0.0">
    <skipped/>
  </testcase> <!-- case10 -->
  <testcase classname="VendorCreationModule.CustomertoVendor2" name="case10" time="0.0">
    <skipped/>
  </testcase> <!-- case10 -->
  <testcase classname="VendorCreationModule.CustomertoVendor2" name="case10" time="0.0">
    <skipped/>
  </testcase> <!-- case10 -->
  <testcase classname="VendorCreationModule.CustomertoVendor2" name="case10" time="0.0">
    <skipped/>
  </testcase> <!-- case10 -->
  <testcase classname="VendorCreationModule.CustomertoVendor2" name="case10" time="0.0">
    <skipped/>
  </testcase> <!-- case10 -->
  <testcase classname="VendorCreationModule.CustomertoVendor2" name="case10" time="0.0">
    <skipped/>
  </testcase> <!-- case10 -->
  <testcase classname="VendorCreationModule.CustomertoVendor2" name="case10" time="0.0">
    <skipped/>
  </testcase> <!-- case10 -->
  <testcase classname="VendorCreationModule.CustomertoVendor2" name="case10" time="0.0">
    <skipped/>
  </testcase> <!-- case10 -->
  <testcase classname="VendorCreationModule.CustomertoVendor2" name="case10" time="0.0">
    <skipped/>
  </testcase> <!-- case10 -->
  <testcase classname="VendorCreationModule.CustomertoVendor2" name="case10" time="0.0">
    <skipped/>
  </testcase> <!-- case10 -->
  <testcase classname="VendorCreationModule.CustomertoVendor2" name="case10" time="0.0">
    <skipped/>
  </testcase> <!-- case10 -->
  <testcase classname="VendorCreationModule.CustomertoVendor2" name="case10" time="0.0">
    <skipped/>
  </testcase> <!-- case10 -->
  <testcase classname="VendorCreationModule.CustomertoVendor2" name="case10" time="0.0">
    <skipped/>
  </testcase> <!-- case10 -->
  <testcase classname="VendorCreationModule.CustomertoVendor2" name="case10" time="0.0">
    <skipped/>
  </testcase> <!-- case10 -->
  <testcase classname="VendorCreationModule.CustomertoVendor2" name="case10" time="0.0">
    <skipped/>
  </testcase> <!-- case10 -->
  <testcase classname="VendorCreationModule.CustomertoVendor2" name="case10" time="0.0">
    <skipped/>
  </testcase> <!-- case10 -->
  <testcase classname="VendorCreationModule.CustomertoVendor2" name="case10" time="0.0">
    <skipped/>
  </testcase> <!-- case10 -->
  <testcase classname="VendorCreationModule.CustomertoVendor2" name="case10" time="0.0">
    <skipped/>
  </testcase> <!-- case10 -->
  <testcase classname="VendorCreationModule.CustomertoVendor2" name="case10" time="0.0">
    <skipped/>
  </testcase> <!-- case10 -->
  <testcase classname="VendorCreationModule.CustomertoVendor2" name="case10" time="0.0">
    <skipped/>
  </testcase> <!-- case10 -->
  <testcase classname="VendorCreationModule.CustomertoVendor2" name="case10" time="0.0">
    <skipped/>
  </testcase> <!-- case10 -->
  <testcase classname="VendorCreationModule.CustomertoVendor2" name="case10" time="0.0">
    <skipped/>
  </testcase> <!-- case10 -->
  <testcase classname="VendorCreationModule.CustomertoVendor2" name="case10" time="0.001">
    <skipped/>
  </testcase> <!-- case10 -->
  <testcase classname="VendorCreationModule.CustomertoVendor2" name="case10" time="0.0">
    <skipped/>
  </testcase> <!-- case10 -->
  <testcase classname="VendorCreationModule.CustomertoVendor2" name="case10" time="0.0">
    <skipped/>
  </testcase> <!-- case10 -->
  <testcase classname="VendorCreationModule.CustomertoVendor2" name="case10" time="0.0">
    <skipped/>
  </testcase> <!-- case10 -->
  <testcase classname="VendorCreationModule.CustomertoVendor2" name="case10" time="0.0">
    <skipped/>
  </testcase> <!-- case10 -->
  <testcase classname="VendorCreationModule.CustomertoVendor2" name="case10" time="0.0">
    <skipped/>
  </testcase> <!-- case10 -->
  <testcase classname="VendorCreationModule.CustomertoVendor2" name="case10" time="0.0">
    <skipped/>
  </testcase> <!-- case10 -->
  <testcase classname="VendorCreationModule.CustomertoVendor2" name="case10" time="0.0">
    <skipped/>
  </testcase> <!-- case10 -->
  <testcase classname="VendorCreationModule.CustomertoVendor2" name="case10" time="0.0">
    <skipped/>
  </testcase> <!-- case10 -->
  <testcase classname="VendorCreationModule.CustomertoVendor2" name="case10" time="0.0">
    <skipped/>
  </testcase> <!-- case10 -->
  <testcase classname="VendorCreationModule.CustomertoVendor2" name="case10" time="0.0">
    <skipped/>
  </testcase> <!-- case10 -->
  <testcase classname="VendorCreationModule.CustomertoVendor2" name="case11" time="0.0">
    <skipped/>
  </testcase> <!-- case11 -->
  <testcase classname="VendorCreationModule.CustomertoVendor2" name="case11" time="0.0">
    <skipped/>
  </testcase> <!-- case11 -->
  <testcase classname="VendorCreationModule.CustomertoVendor2" name="case11" time="0.0">
    <skipped/>
  </testcase> <!-- case11 -->
  <testcase classname="VendorCreationModule.CustomertoVendor2" name="case11" time="0.0">
    <skipped/>
  </testcase> <!-- case11 -->
  <testcase classname="VendorCreationModule.CustomertoVendor2" name="case11" time="0.0">
    <skipped/>
  </testcase> <!-- case11 -->
  <testcase classname="VendorCreationModule.CustomertoVendor2" name="case11" time="0.0">
    <skipped/>
  </testcase> <!-- case11 -->
  <testcase classname="VendorCreationModule.CustomertoVendor2" name="case11" time="0.0">
    <skipped/>
  </testcase> <!-- case11 -->
  <testcase classname="VendorCreationModule.CustomertoVendor2" name="case11" time="0.0">
    <skipped/>
  </testcase> <!-- case11 -->
  <testcase classname="VendorCreationModule.CustomertoVendor2" name="case11" time="0.0">
    <skipped/>
  </testcase> <!-- case11 -->
  <testcase classname="VendorCreationModule.CustomertoVendor2" name="case11" time="0.0">
    <skipped/>
  </testcase> <!-- case11 -->
  <testcase classname="VendorCreationModule.CustomertoVendor2" name="case11" time="0.0">
    <skipped/>
  </testcase> <!-- case11 -->
  <testcase classname="VendorCreationModule.CustomertoVendor2" name="case11" time="0.0">
    <skipped/>
  </testcase> <!-- case11 -->
  <testcase classname="VendorCreationModule.CustomertoVendor2" name="case11" time="0.0">
    <skipped/>
  </testcase> <!-- case11 -->
  <testcase classname="VendorCreationModule.CustomertoVendor2" name="case11" time="0.0">
    <skipped/>
  </testcase> <!-- case11 -->
  <testcase classname="VendorCreationModule.CustomertoVendor2" name="case11" time="0.0">
    <skipped/>
  </testcase> <!-- case11 -->
  <testcase classname="VendorCreationModule.CustomertoVendor2" name="case11" time="0.0">
    <skipped/>
  </testcase> <!-- case11 -->
  <testcase classname="VendorCreationModule.CustomertoVendor2" name="case11" time="0.0">
    <skipped/>
  </testcase> <!-- case11 -->
  <testcase classname="VendorCreationModule.CustomertoVendor2" name="case11" time="0.0">
    <skipped/>
  </testcase> <!-- case11 -->
  <testcase classname="VendorCreationModule.CustomertoVendor2" name="case11" time="0.0">
    <skipped/>
  </testcase> <!-- case11 -->
  <testcase classname="VendorCreationModule.CustomertoVendor2" name="case11" time="0.0">
    <skipped/>
  </testcase> <!-- case11 -->
  <testcase classname="VendorCreationModule.CustomertoVendor2" name="case11" time="0.0">
    <skipped/>
  </testcase> <!-- case11 -->
  <testcase classname="VendorCreationModule.CustomertoVendor2" name="case11" time="0.0">
    <skipped/>
  </testcase> <!-- case11 -->
  <testcase classname="VendorCreationModule.CustomertoVendor2" name="case11" time="0.0">
    <skipped/>
  </testcase> <!-- case11 -->
  <testcase classname="VendorCreationModule.CustomertoVendor2" name="case11" time="0.0">
    <skipped/>
  </testcase> <!-- case11 -->
  <testcase classname="VendorCreationModule.CustomertoVendor2" name="case11" time="0.0">
    <skipped/>
  </testcase> <!-- case11 -->
  <testcase classname="VendorCreationModule.CustomertoVendor2" name="case11" time="0.0">
    <skipped/>
  </testcase> <!-- case11 -->
  <testcase classname="VendorCreationModule.CustomertoVendor2" name="case11" time="0.0">
    <skipped/>
  </testcase> <!-- case11 -->
  <testcase classname="VendorCreationModule.CustomertoVendor2" name="case11" time="0.0">
    <skipped/>
  </testcase> <!-- case11 -->
  <testcase classname="VendorCreationModule.CustomertoVendor2" name="case11" time="0.0">
    <skipped/>
  </testcase> <!-- case11 -->
  <testcase classname="VendorCreationModule.CustomertoVendor2" name="case11" time="0.0">
    <skipped/>
  </testcase> <!-- case11 -->
  <testcase classname="VendorCreationModule.CustomertoVendor2" name="case11" time="0.0">
    <skipped/>
  </testcase> <!-- case11 -->
  <testcase classname="VendorCreationModule.CustomertoVendor2" name="case11" time="0.0">
    <skipped/>
  </testcase> <!-- case11 -->
  <testcase classname="VendorCreationModule.CustomertoVendor2" name="case11" time="0.0">
    <skipped/>
  </testcase> <!-- case11 -->
  <testcase classname="VendorCreationModule.CustomertoVendor2" name="case11" time="0.0">
    <skipped/>
  </testcase> <!-- case11 -->
  <testcase classname="VendorCreationModule.CustomertoVendor2" name="case11" time="0.0">
    <skipped/>
  </testcase> <!-- case11 -->
  <testcase classname="VendorCreationModule.CustomertoVendor2" name="case11" time="0.0">
    <skipped/>
  </testcase> <!-- case11 -->
  <testcase classname="VendorCreationModule.CustomertoVendor2" name="case11" time="0.0">
    <skipped/>
  </testcase> <!-- case11 -->
  <testcase classname="VendorCreationModule.CustomertoVendor2" name="case11" time="0.0">
    <skipped/>
  </testcase> <!-- case11 -->
  <testcase classname="VendorCreationModule.CustomertoVendor2" name="case11" time="0.0">
    <skipped/>
  </testcase> <!-- case11 -->
  <testcase classname="VendorCreationModule.CustomertoVendor2" name="case11" time="0.0">
    <skipped/>
  </testcase> <!-- case11 -->
  <testcase classname="VendorCreationModule.CustomertoVendor2" name="case11" time="0.0">
    <skipped/>
  </testcase> <!-- case11 -->
  <testcase classname="VendorCreationModule.CustomertoVendor2" name="case11" time="0.0">
    <skipped/>
  </testcase> <!-- case11 -->
  <testcase classname="VendorCreationModule.CustomertoVendor2" name="case11" time="0.0">
    <skipped/>
  </testcase> <!-- case11 -->
  <testcase classname="VendorCreationModule.CustomertoVendor2" name="case11" time="0.0">
    <skipped/>
  </testcase> <!-- case11 -->
  <testcase classname="VendorCreationModule.CustomertoVendor2" name="case11" time="0.0">
    <skipped/>
  </testcase> <!-- case11 -->
  <testcase classname="VendorCreationModule.DashboardFunctionality" name="scenario1" time="0.0">
    <skipped/>
  </testcase> <!-- scenario1 -->
  <testcase classname="VendorCreationModule.DashboardFunctionality" name="scenario10" time="0.0">
    <skipped/>
  </testcase> <!-- scenario10 -->
  <testcase classname="VendorCreationModule.DashboardFunctionality" name="scenario2" time="0.001">
    <skipped/>
  </testcase> <!-- scenario2 -->
  <testcase classname="VendorCreationModule.DashboardFunctionality" name="scenario3" time="0.001">
    <skipped/>
  </testcase> <!-- scenario3 -->
  <testcase classname="VendorCreationModule.DashboardFunctionality" name="scenario4" time="0.0">
    <skipped/>
  </testcase> <!-- scenario4 -->
  <testcase classname="VendorCreationModule.DashboardFunctionality" name="scenario5" time="0.0">
    <skipped/>
  </testcase> <!-- scenario5 -->
  <testcase classname="VendorCreationModule.DashboardFunctionality" name="scenario6" time="0.0">
    <skipped/>
  </testcase> <!-- scenario6 -->
  <testcase classname="VendorCreationModule.DashboardFunctionality" name="scenario7" time="0.0">
    <skipped/>
  </testcase> <!-- scenario7 -->
  <testcase classname="VendorCreationModule.DashboardFunctionality" name="scenario8" time="0.001">
    <skipped/>
  </testcase> <!-- scenario8 -->
  <testcase classname="VendorCreationModule.DashboardFunctionality" name="scenario9" time="0.0">
    <skipped/>
  </testcase> <!-- scenario9 -->
  <testcase classname="VendorCreationModule.FinalModuleCheck" name="case1" time="0.0">
    <skipped/>
  </testcase> <!-- case1 -->
  <testcase classname="VendorCreationModule.FinalModuleCheck" name="case2" time="0.0">
    <skipped/>
  </testcase> <!-- case2 -->
  <testcase classname="VendorCreationModule.FinalModuleCheck" name="case3" time="0.0">
    <skipped/>
  </testcase> <!-- case3 -->
  <testcase classname="VendorCreationModule.FinalModuleCheck" name="case4" time="0.001">
    <skipped/>
  </testcase> <!-- case4 -->
  <testcase classname="VendorCreationModule.FinalModuleCheck" name="case5" time="0.0">
    <skipped/>
  </testcase> <!-- case5 -->
  <testcase classname="VendorCreationModule.FinalModuleCheck" name="case6" time="0.0">
    <skipped/>
  </testcase> <!-- case6 -->
  <testcase classname="VendorCreationModule.FinalModuleCheck" name="case6" time="0.0">
    <skipped/>
  </testcase> <!-- case6 -->
  <testcase classname="VendorCreationModule.FinalModuleCheck" name="case6" time="0.0">
    <skipped/>
  </testcase> <!-- case6 -->
  <testcase classname="VendorCreationModule.FinalModuleCheck" name="case6" time="0.0">
    <skipped/>
  </testcase> <!-- case6 -->
  <testcase classname="VendorCreationModule.FinalModuleCheck" name="case6" time="0.0">
    <skipped/>
  </testcase> <!-- case6 -->
  <testcase classname="VendorCreationModule.FinalModuleCheck" name="case6" time="0.0">
    <skipped/>
  </testcase> <!-- case6 -->
  <testcase classname="VendorCreationModule.FinalModuleCheck" name="case6" time="0.0">
    <skipped/>
  </testcase> <!-- case6 -->
  <testcase classname="VendorCreationModule.FinalModuleCheck" name="case6" time="0.0">
    <skipped/>
  </testcase> <!-- case6 -->
  <testcase classname="VendorCreationModule.FinalModuleCheck" name="case6" time="0.0">
    <skipped/>
  </testcase> <!-- case6 -->
  <testcase classname="VendorCreationModule.FinalModuleCheck" name="case6" time="0.0">
    <skipped/>
  </testcase> <!-- case6 -->
  <testcase classname="VendorCreationModule.FinalModuleCheck" name="case6" time="0.0">
    <skipped/>
  </testcase> <!-- case6 -->
  <testcase classname="VendorCreationModule.FinalModuleCheck" name="case6" time="0.0">
    <skipped/>
  </testcase> <!-- case6 -->
  <testcase classname="VendorCreationModule.FinalModuleCheck" name="case6" time="0.0">
    <skipped/>
  </testcase> <!-- case6 -->
  <testcase classname="VendorCreationModule.FinalModuleCheck" name="case6" time="0.0">
    <skipped/>
  </testcase> <!-- case6 -->
  <testcase classname="VendorCreationModule.FinalModuleCheck" name="case6" time="0.0">
    <skipped/>
  </testcase> <!-- case6 -->
  <testcase classname="VendorCreationModule.FinalModuleCheck" name="case7" time="0.0">
    <skipped/>
  </testcase> <!-- case7 -->
  <testcase classname="VendorCreationModule.FinalModuleCheck" name="case7" time="0.0">
    <skipped/>
  </testcase> <!-- case7 -->
  <testcase classname="VendorCreationModule.FinalModuleCheck" name="case7" time="0.0">
    <skipped/>
  </testcase> <!-- case7 -->
  <testcase classname="VendorCreationModule.FinalModuleCheck" name="case7" time="0.0">
    <skipped/>
  </testcase> <!-- case7 -->
  <testcase classname="VendorCreationModule.FinalModuleCheck" name="case7" time="0.0">
    <skipped/>
  </testcase> <!-- case7 -->
  <testcase classname="VendorCreationModule.FinalModuleCheck" name="case7" time="0.0">
    <skipped/>
  </testcase> <!-- case7 -->
  <testcase classname="VendorCreationModule.FinalModuleCheck" name="case7" time="0.0">
    <skipped/>
  </testcase> <!-- case7 -->
  <testcase classname="VendorCreationModule.FinalModuleCheck" name="case7" time="0.0">
    <skipped/>
  </testcase> <!-- case7 -->
  <testcase classname="VendorCreationModule.FinalModuleCheck" name="case7" time="0.0">
    <skipped/>
  </testcase> <!-- case7 -->
  <testcase classname="VendorCreationModule.FinalModuleCheck" name="case7" time="0.0">
    <skipped/>
  </testcase> <!-- case7 -->
  <testcase classname="VendorCreationModule.FinalModuleCheck" name="case7" time="0.0">
    <skipped/>
  </testcase> <!-- case7 -->
  <testcase classname="VendorCreationModule.FinalModuleCheck" name="case7" time="0.0">
    <skipped/>
  </testcase> <!-- case7 -->
  <testcase classname="VendorCreationModule.FinalModuleCheck" name="case7" time="0.0">
    <skipped/>
  </testcase> <!-- case7 -->
  <testcase classname="VendorCreationModule.FinalModuleCheck" name="case7" time="0.0">
    <skipped/>
  </testcase> <!-- case7 -->
  <testcase classname="VendorCreationModule.FinalModuleCheck" name="case7" time="0.0">
    <skipped/>
  </testcase> <!-- case7 -->
  <testcase classname="VendorCreationModule.LoginModuleOnly" name="cases" time="0.0">
    <skipped/>
  </testcase> <!-- cases -->
  <testcase classname="VendorCreationModule.VendorCreationMduleCovergae" name="case1" time="0.0">
    <skipped/>
  </testcase> <!-- case1 -->
  <testcase classname="VendorCreationModule.VendorCreationMduleCovergae" name="case2" time="0.0">
    <skipped/>
  </testcase> <!-- case2 -->
  <testcase classname="VendorCreationModule.VendorCreationMduleCovergae" name="case3" time="0.0">
    <skipped/>
  </testcase> <!-- case3 -->
  <testcase classname="VendorCreationModule.VendorCreationMduleCovergae" name="case4" time="0.0">
    <skipped/>
  </testcase> <!-- case4 -->
  <testcase classname="VendorCreationModule.VendorCreationMduleCovergae" name="case5" time="0.0">
    <skipped/>
  </testcase> <!-- case5 -->
  <testcase classname="VendorCreationModule.VendorCreationMduleCovergae" name="case6" time="0.0">
    <skipped/>
  </testcase> <!-- case6 -->
  <testcase classname="VendorCreationModule.VendorCreationMduleCovergae" name="case7" time="0.0">
    <skipped/>
  </testcase> <!-- case7 -->
  <testcase classname="VendorCreationModule.VendorCreationMduleCovergae" name="case8" time="0.0">
    <skipped/>
  </testcase> <!-- case8 -->
  <testcase classname="VendorCreationModule.VendorCreationMduleCovergae" name="case9" time="0.0">
    <skipped/>
  </testcase> <!-- case9 -->
  <testcase classname="VendorCreationModule.VendorCreationMduleCovergae" name="case10" time="0.0">
    <skipped/>
  </testcase> <!-- case10 -->
  <testcase classname="VendorCreationModule.VendorCreationMduleCovergae" name="case11" time="0.0">
    <skipped/>
  </testcase> <!-- case11 -->
  <testcase classname="VendorCreationModule.VendorCreationMduleCovergae" name="case12" time="0.0">
    <skipped/>
  </testcase> <!-- case12 -->
  <testcase classname="VendorCreationModule.VendorCreationMduleCovergae" name="case13" time="0.0">
    <skipped/>
  </testcase> <!-- case13 -->
  <testcase classname="VendorCreationModule.VendorCreationMduleCovergae" name="case14" time="0.0">
    <skipped/>
  </testcase> <!-- case14 -->
  <testcase classname="VendorCreationModule.VendorCreationMduleCovergae" name="case15" time="0.0">
    <skipped/>
  </testcase> <!-- case15 -->
  <testcase classname="VendorCreationModule.VendorCreationMduleCovergae" name="case16" time="0.0">
    <skipped/>
  </testcase> <!-- case16 -->
  <testcase classname="VendorCreationModule.VendorCreationMduleCovergae" name="case17" time="0.0">
    <skipped/>
  </testcase> <!-- case17 -->
  <testcase classname="VendorCreationModule.VendorModifications" name="scenario1" time="0.0">
    <skipped/>
  </testcase> <!-- scenario1 -->
  <testcase classname="VendorCreationModule.VendorModifications" name="scenario2" time="0.0">
    <skipped/>
  </testcase> <!-- scenario2 -->
  <testcase classname="VendorCreationModule.VendorModifications" name="scenario3" time="0.0">
    <skipped/>
  </testcase> <!-- scenario3 -->
  <testcase classname="VendorCreationModule.VendorModifications" name="scenario4" time="0.0">
    <skipped/>
  </testcase> <!-- scenario4 -->
</testsuite> <!-- Surefire test -->
